C:\USERS\SHEHZAN\DOCUMENTS\VISUAL STUDIO 2010\PROJECTS\PROJECT2-PATHTRACER\PROJ1_WIN\565RAYTRACER\DEBUG\565RAYTRACER.EXE.EMBED.MANIFEST
C:\USERS\SHEHZAN\DOCUMENTS\VISUAL STUDIO 2010\PROJECTS\PROJECT2-PATHTRACER\PROJ1_WIN\565RAYTRACER\DEBUG\565RAYTRACER.EXE.EMBED.MANIFEST.RES
C:\USERS\SHEHZAN\DOCUMENTS\VISUAL STUDIO 2010\PROJECTS\PROJECT2-PATHTRACER\PROJ1_WIN\565RAYTRACER\DEBUG\565RAYTRACER.EXE.INTERMEDIATE.MANIFEST
C:\Users\Shehzan\Documents\Visual Studio 2010\Projects\Project2-Pathtracer\PROJ1_WIN\565Raytracer\Debug\565Raytracer_manifest.rc
C:\Users\Shehzan\Documents\Visual Studio 2010\Projects\Project2-Pathtracer\PROJ1_WIN\565Raytracer\Debug\cl.command.1.tlog
C:\Users\Shehzan\Documents\Visual Studio 2010\Projects\Project2-Pathtracer\PROJ1_WIN\565Raytracer\Debug\CL.read.1.tlog
C:\Users\Shehzan\Documents\Visual Studio 2010\Projects\Project2-Pathtracer\PROJ1_WIN\565Raytracer\Debug\CL.write.1.tlog
C:\USERS\SHEHZAN\DOCUMENTS\VISUAL STUDIO 2010\PROJECTS\PROJECT2-PATHTRACER\PROJ1_WIN\565RAYTRACER\DEBUG\GLSLUTILITY.OBJ
C:\USERS\SHEHZAN\DOCUMENTS\VISUAL STUDIO 2010\PROJECTS\PROJECT2-PATHTRACER\PROJ1_WIN\565RAYTRACER\DEBUG\IMAGE.OBJ
C:\Users\Shehzan\Documents\Visual Studio 2010\Projects\Project2-Pathtracer\PROJ1_WIN\565Raytracer\Debug\link.1320.read.1.tlog
C:\Users\Shehzan\Documents\Visual Studio 2010\Projects\Project2-Pathtracer\PROJ1_WIN\565Raytracer\Debug\link.1320.write.1.tlog
C:\Users\Shehzan\Documents\Visual Studio 2010\Projects\Project2-Pathtracer\PROJ1_WIN\565Raytracer\Debug\link.1320-cvtres.read.1.tlog
C:\Users\Shehzan\Documents\Visual Studio 2010\Projects\Project2-Pathtracer\PROJ1_WIN\565Raytracer\Debug\link.1320-cvtres.write.1.tlog
C:\Users\Shehzan\Documents\Visual Studio 2010\Projects\Project2-Pathtracer\PROJ1_WIN\565Raytracer\Debug\link.4856.read.1.tlog
C:\Users\Shehzan\Documents\Visual Studio 2010\Projects\Project2-Pathtracer\PROJ1_WIN\565Raytracer\Debug\link.4856.write.1.tlog
C:\Users\Shehzan\Documents\Visual Studio 2010\Projects\Project2-Pathtracer\PROJ1_WIN\565Raytracer\Debug\link.4856-cvtres.read.1.tlog
C:\Users\Shehzan\Documents\Visual Studio 2010\Projects\Project2-Pathtracer\PROJ1_WIN\565Raytracer\Debug\link.4856-cvtres.write.1.tlog
C:\Users\Shehzan\Documents\Visual Studio 2010\Projects\Project2-Pathtracer\PROJ1_WIN\565Raytracer\Debug\link.5584.read.1.tlog
C:\Users\Shehzan\Documents\Visual Studio 2010\Projects\Project2-Pathtracer\PROJ1_WIN\565Raytracer\Debug\link.5584.write.1.tlog
C:\Users\Shehzan\Documents\Visual Studio 2010\Projects\Project2-Pathtracer\PROJ1_WIN\565Raytracer\Debug\link.5584-cvtres.read.1.tlog
C:\Users\Shehzan\Documents\Visual Studio 2010\Projects\Project2-Pathtracer\PROJ1_WIN\565Raytracer\Debug\link.5584-cvtres.write.1.tlog
C:\Users\Shehzan\Documents\Visual Studio 2010\Projects\Project2-Pathtracer\PROJ1_WIN\565Raytracer\Debug\link.7320.read.1.tlog
C:\Users\Shehzan\Documents\Visual Studio 2010\Projects\Project2-Pathtracer\PROJ1_WIN\565Raytracer\Debug\link.7320.write.1.tlog
C:\Users\Shehzan\Documents\Visual Studio 2010\Projects\Project2-Pathtracer\PROJ1_WIN\565Raytracer\Debug\link.7320-cvtres.read.1.tlog
C:\Users\Shehzan\Documents\Visual Studio 2010\Projects\Project2-Pathtracer\PROJ1_WIN\565Raytracer\Debug\link.7320-cvtres.write.1.tlog
C:\Users\Shehzan\Documents\Visual Studio 2010\Projects\Project2-Pathtracer\PROJ1_WIN\565Raytracer\Debug\link.command.1.tlog
C:\Users\Shehzan\Documents\Visual Studio 2010\Projects\Project2-Pathtracer\PROJ1_WIN\565Raytracer\Debug\link.read.1.tlog
C:\Users\Shehzan\Documents\Visual Studio 2010\Projects\Project2-Pathtracer\PROJ1_WIN\565Raytracer\Debug\link.write.1.tlog
C:\Users\Shehzan\Documents\Visual Studio 2010\Projects\Project2-Pathtracer\PROJ1_WIN\565Raytracer\Debug\link-cvtres.read.1.tlog
C:\Users\Shehzan\Documents\Visual Studio 2010\Projects\Project2-Pathtracer\PROJ1_WIN\565Raytracer\Debug\link-cvtres.write.1.tlog
C:\USERS\SHEHZAN\DOCUMENTS\VISUAL STUDIO 2010\PROJECTS\PROJECT2-PATHTRACER\PROJ1_WIN\565RAYTRACER\DEBUG\MAIN.OBJ
C:\Users\Shehzan\Documents\Visual Studio 2010\Projects\Project2-Pathtracer\PROJ1_WIN\565Raytracer\Debug\mt.command.1.tlog
C:\Users\Shehzan\Documents\Visual Studio 2010\Projects\Project2-Pathtracer\PROJ1_WIN\565Raytracer\Debug\mt.read.1.tlog
C:\Users\Shehzan\Documents\Visual Studio 2010\Projects\Project2-Pathtracer\PROJ1_WIN\565Raytracer\Debug\mt.write.1.tlog
C:\Users\Shehzan\Documents\Visual Studio 2010\Projects\Project2-Pathtracer\PROJ1_WIN\565Raytracer\Debug\raytraceKernel.cu.cache
C:\Users\Shehzan\Documents\Visual Studio 2010\Projects\Project2-Pathtracer\PROJ1_WIN\565Raytracer\Debug\rc.command.1.tlog
C:\Users\Shehzan\Documents\Visual Studio 2010\Projects\Project2-Pathtracer\PROJ1_WIN\565Raytracer\Debug\rc.read.1.tlog
C:\Users\Shehzan\Documents\Visual Studio 2010\Projects\Project2-Pathtracer\PROJ1_WIN\565Raytracer\Debug\rc.write.1.tlog
C:\USERS\SHEHZAN\DOCUMENTS\VISUAL STUDIO 2010\PROJECTS\PROJECT2-PATHTRACER\PROJ1_WIN\565RAYTRACER\DEBUG\SCENE.OBJ
C:\USERS\SHEHZAN\DOCUMENTS\VISUAL STUDIO 2010\PROJECTS\PROJECT2-PATHTRACER\PROJ1_WIN\565RAYTRACER\DEBUG\STB_IMAGE.OBJ
C:\USERS\SHEHZAN\DOCUMENTS\VISUAL STUDIO 2010\PROJECTS\PROJECT2-PATHTRACER\PROJ1_WIN\565RAYTRACER\DEBUG\STB_IMAGE_WRITE.OBJ
C:\USERS\SHEHZAN\DOCUMENTS\VISUAL STUDIO 2010\PROJECTS\PROJECT2-PATHTRACER\PROJ1_WIN\565RAYTRACER\DEBUG\UTILITIES.OBJ
C:\Users\Shehzan\Documents\Visual Studio 2010\Projects\Project2-Pathtracer\PROJ1_WIN\565Raytracer\Debug\vc100.idb
C:\USERS\SHEHZAN\DOCUMENTS\VISUAL STUDIO 2010\PROJECTS\PROJECT2-PATHTRACER\PROJ1_WIN\565RAYTRACER\DEBUG\VC100.PDB
C:\USERS\SHEHZAN\DOCUMENTS\VISUAL STUDIO 2010\PROJECTS\PROJECT2-PATHTRACER\PROJ1_WIN\DEBUG\565RAYTRACER.EXE
C:\USERS\SHEHZAN\DOCUMENTS\VISUAL STUDIO 2010\PROJECTS\PROJECT2-PATHTRACER\PROJ1_WIN\DEBUG\565RAYTRACER.ILK
C:\USERS\SHEHZAN\DOCUMENTS\VISUAL STUDIO 2010\PROJECTS\PROJECT2-PATHTRACER\PROJ1_WIN\DEBUG\565RAYTRACER.PDB
