C:\USERS\SHEHZAN\DOCUMENTS\VISUAL STUDIO 2010\PROJECTS\PROJECT2-PATHTRACER\PROJ1_WIN\565RAYTRACER\RELEASE\565RAYTRACER.EXE.INTERMEDIATE.MANIFEST
C:\Users\Shehzan\Documents\Visual Studio 2010\Projects\Project2-Pathtracer\PROJ1_WIN\565Raytracer\Release\cl.command.1.tlog
C:\Users\Shehzan\Documents\Visual Studio 2010\Projects\Project2-Pathtracer\PROJ1_WIN\565Raytracer\Release\CL.read.1.tlog
C:\Users\Shehzan\Documents\Visual Studio 2010\Projects\Project2-Pathtracer\PROJ1_WIN\565Raytracer\Release\CL.write.1.tlog
C:\USERS\SHEHZAN\DOCUMENTS\VISUAL STUDIO 2010\PROJECTS\PROJECT2-PATHTRACER\PROJ1_WIN\565RAYTRACER\RELEASE\GLSLUTILITY.OBJ
C:\USERS\SHEHZAN\DOCUMENTS\VISUAL STUDIO 2010\PROJECTS\PROJECT2-PATHTRACER\PROJ1_WIN\565RAYTRACER\RELEASE\IMAGE.OBJ
C:\Users\Shehzan\Documents\Visual Studio 2010\Projects\Project2-Pathtracer\PROJ1_WIN\565Raytracer\Release\link.command.1.tlog
C:\Users\Shehzan\Documents\Visual Studio 2010\Projects\Project2-Pathtracer\PROJ1_WIN\565Raytracer\Release\link.read.1.tlog
C:\Users\Shehzan\Documents\Visual Studio 2010\Projects\Project2-Pathtracer\PROJ1_WIN\565Raytracer\Release\link.write.1.tlog
C:\USERS\SHEHZAN\DOCUMENTS\VISUAL STUDIO 2010\PROJECTS\PROJECT2-PATHTRACER\PROJ1_WIN\565RAYTRACER\RELEASE\MAIN.OBJ
C:\Users\Shehzan\Documents\Visual Studio 2010\Projects\Project2-Pathtracer\PROJ1_WIN\565Raytracer\Release\mt.command.1.tlog
C:\Users\Shehzan\Documents\Visual Studio 2010\Projects\Project2-Pathtracer\PROJ1_WIN\565Raytracer\Release\mt.read.1.tlog
C:\Users\Shehzan\Documents\Visual Studio 2010\Projects\Project2-Pathtracer\PROJ1_WIN\565Raytracer\Release\mt.write.1.tlog
C:\Users\Shehzan\Documents\Visual Studio 2010\Projects\Project2-Pathtracer\PROJ1_WIN\565Raytracer\Release\raytraceKernel.cu.cache
C:\USERS\SHEHZAN\DOCUMENTS\VISUAL STUDIO 2010\PROJECTS\PROJECT2-PATHTRACER\PROJ1_WIN\565RAYTRACER\RELEASE\SCENE.OBJ
C:\USERS\SHEHZAN\DOCUMENTS\VISUAL STUDIO 2010\PROJECTS\PROJECT2-PATHTRACER\PROJ1_WIN\565RAYTRACER\RELEASE\STB_IMAGE.OBJ
C:\USERS\SHEHZAN\DOCUMENTS\VISUAL STUDIO 2010\PROJECTS\PROJECT2-PATHTRACER\PROJ1_WIN\565RAYTRACER\RELEASE\STB_IMAGE_WRITE.OBJ
C:\USERS\SHEHZAN\DOCUMENTS\VISUAL STUDIO 2010\PROJECTS\PROJECT2-PATHTRACER\PROJ1_WIN\565RAYTRACER\RELEASE\UTILITIES.OBJ
C:\USERS\SHEHZAN\DOCUMENTS\VISUAL STUDIO 2010\PROJECTS\PROJECT2-PATHTRACER\PROJ1_WIN\565RAYTRACER\RELEASE\VC100.PDB
C:\USERS\SHEHZAN\DOCUMENTS\VISUAL STUDIO 2010\PROJECTS\PROJECT2-PATHTRACER\PROJ1_WIN\RELEASE\565RAYTRACER.EXE
C:\USERS\SHEHZAN\DOCUMENTS\VISUAL STUDIO 2010\PROJECTS\PROJECT2-PATHTRACER\PROJ1_WIN\RELEASE\565RAYTRACER.PDB
